Build started 25/09/2016 07:37:40 PM.
     1>Project "C:\Dev\flint\main\Development\Tools\drpdb\drpdb\drpdb.vcxproj" on node 2 (Rebuild target(s)).
     1>PreBuildEvent:
         midl /amd64  /I "%VSINSTALLDIR%\DIA SDK\include" "%VSINSTALLDIR%\DIA SDK\idl\dia2.idl" /tlb src\dia2.tlb
         :VCEnd
         Microsoft (R) 32b/64b MIDL Compiler Version 8.00.0603 
         Copyright (c) Microsoft Corporation. All rights reserved.
         64 bit Processing C:\Program Files (x86)\Microsoft Visual Studio 14.0\DIA SDK\idl\dia2.idl
         dia2.idl
         64 bit Processing C:\Program Files (x86)\Windows Kits\8.1\Include\um\objidl.idl
         objidl.idl
         64 bit Processing C:\Program Files (x86)\Windows Kits\8.1\Include\um\unknwn.idl
         unknwn.idl
         64 bit Processing C:\Program Files (x86)\Windows Kits\8.1\Include\shared\wtypes.idl
         wtypes.idl
         64 bit Processing C:\Program Files (x86)\Windows Kits\8.1\Include\shared\wtypesbase.idl
         wtypesbase.idl
         64 bit Processing C:\Program Files (x86)\Windows Kits\8.1\Include\shared\basetsd.h
         basetsd.h
         64 bit Processing C:\Program Files (x86)\Windows Kits\8.1\Include\shared\guiddef.h
         guiddef.h
         64 bit Processing C:\Program Files (x86)\Windows Kits\8.1\Include\um\oaidl.idl
         oaidl.idl
         64 bit Processing C:\Program Files (x86)\Windows Kits\8.1\Include\um\propidl.idl
         propidl.idl
         64 bit Processing C:\Program Files (x86)\Microsoft Visual Studio 14.0\DIA SDK\include\cvconst.h
         cvconst.h
         64 bit Processing C:\Program Files (x86)\Windows Kits\8.1\Include\um\oaidl.acf
         oaidl.acf
       ClCompile:
         C:\Program Files (x86)\Microsoft Visual Studio 14.0\VC\bin\x86_amd64\CL.exe /c /I"C:\Program Files (x86)\Microsoft Visual Studio 14.0\DIA SDK\include" /I"..\mysql-connector-c-6.1.6-winx64\include" /Zi /nologo /W4 /WX- /MP /O2 /Ob2 /Oi /Ot /Oy /GL /D WIN32 /D NDEBUG /D _CONSOLE /D _UNICODE /D UNICODE /GF /Gm- /EHsc /MD /GS- /Gy /fp:fast /fp:except- /Zc:wchar_t /Zc:forScope /Zc:inline /Fo"x64\Release\\" /Fd"x64\Release\vc140.pdb" /Gv /TC /errorReport:prompt dia2_i.c dia2_p.c dlldata.c
         dia2_i.c
         dia2_p.c
         dlldata.c
         C:\Program Files (x86)\Microsoft Visual Studio 14.0\VC\bin\x86_amd64\CL.exe /c /I"C:\Program Files (x86)\Microsoft Visual Studio 14.0\DIA SDK\include" /I"..\mysql-connector-c-6.1.6-winx64\include" /Zi /nologo /W4 /WX- /MP /O2 /Ob2 /Oi /Ot /Oy /GL /D WIN32 /D NDEBUG /D _CONSOLE /D _UNICODE /D UNICODE /GF /Gm- /EHsc /MD /GS- /Gy /fp:fast /fp:except- /Zc:wchar_t /Zc:forScope /Zc:inline /Fo"x64\Release\\" /Fd"x64\Release\vc140.pdb" /Gv /TP /errorReport:prompt src\CSVOutput.cpp src\DIACommon.cpp src\DIADoc.cpp src\DIAInput.cpp src\MySQLOutput.cpp src\ODBCOutput.cpp src\drpdb.cpp src\SQL.cpp
         CSVOutput.cpp
         DIACommon.cpp
         DIADoc.cpp
         DIAInput.cpp
         MySQLOutput.cpp
         ODBCOutput.cpp
         drpdb.cpp
         SQL.cpp
     1>src\drpdb.cpp(120): warning C4007: 'main': must be '__cdecl'
     1>src\DIAInput.cpp(73): warning C4100: 's': unreferenced formal parameter
         src\DIAInput.cpp(84): note: see reference to function template instantiation 'void Sym::address_info::init<IDiaSectionContrib>(T *)' being compiled
                 with
                 [
                     T=IDiaSectionContrib
                 ]
       Link:
         C:\Program Files (x86)\Microsoft Visual Studio 14.0\VC\bin\x86_amd64\link.exe /ERRORREPORT:PROMPT /OUT:"C:\Dev\flint\main\Development\Tools\drpdb\x64\Release\drpdb.exe" /INCREMENTAL:NO /NOLOGO /LIBPATH:"..\mysql-connector-c-6.1.6-winx64\lib" /LIBPATH:"C:\Program Files (x86)\Microsoft Visual Studio 14.0\DIA SDK\lib\amd64" diaguids.lib RpcRT4.lib odbc32.lib odbccp32.lib libmysql.lib kernel32.lib user32.lib gdi32.lib winspool.lib comdlg32.lib advapi32.lib shell32.lib ole32.lib oleaut32.lib uuid.lib odbc32.lib odbccp32.lib Delayimp.lib /DELAYLOAD:libmysql.dll /MANIFEST /MANIFESTUAC:"level='asInvoker' uiAccess='false'" /manifest:embed /Debug /PDB:"C:\Dev\flint\main\Development\Tools\drpdb\x64\Release\drpdb.pdb" /SUBSYSTEM:CONSOLE /OPT:REF /OPT:ICF /LTCG /TLBID:1 /DYNAMICBASE /NXCOMPAT /IMPLIB:"C:\Dev\flint\main\Development\Tools\drpdb\x64\Release\drpdb.lib" /MACHINE:X64 x64\Release\dia2_i.obj
         x64\Release\dia2_p.obj
         x64\Release\dlldata.obj
         x64\Release\CSVOutput.obj
         x64\Release\DIACommon.obj
         x64\Release\DIADoc.obj
         x64\Release\DIAInput.obj
         x64\Release\MySQLOutput.obj
         x64\Release\ODBCOutput.obj
         x64\Release\drpdb.obj
         x64\Release\SQL.obj
         Generating code
         Finished generating code
         drpdb.vcxproj -> C:\Dev\flint\main\Development\Tools\drpdb\x64\Release\drpdb.exe
     1>Done Building Project "C:\Dev\flint\main\Development\Tools\drpdb\drpdb\drpdb.vcxproj" (Rebuild target(s)).

Build succeeded.

Time Elapsed 00:00:10.63
